<html xmlns:math="http://exslt.org/math" xmlns:testng="http://testng.org">
   <head>
      <title>TestNG Results</title>
      <meta http-equiv="content-type" content="text/html; charset=utf-8"></meta>
      <meta http-equiv="pragma" content="no-cache"></meta>
      <meta http-equiv="cache-control" content="max-age=0"></meta>
      <meta http-equiv="cache-control" content="no-cache"></meta>
      <meta http-equiv="cache-control" content="no-store"></meta>
      <LINK rel="stylesheet" href="style.css"></LINK>
      <script type="text/javascript" src="main.js"></script>
   </head>
   <body>
      <table width="100%" style="font-size: 16px; margin-bottom: 10px;" cellspacing="1">
         <tr>
            <td width="100%">
               Test case
               
               <b>Test</b>
            </td>
            <td style="background-color: #FFBBBB; padding: 3px 3px 3px 0;" align="center">
               <div style="width: 50px;">1</div>
            </td>
            <td style="background-color: lightgreen; padding: 3px 3px 3px 0;" align="center">
               <div style="width: 50px;">1</div>
            </td>
            <td style="background-color: #FFFFBB; padding: 3px 3px 3px 0;" align="center">
               <div style="width: 50px;">0</div>
            </td>
            <td align="center" style="background-color: #eaf0f7; padding: 3px 3px 3px 0;">
               <div style="width: 50px;">2</div>
            </td>
            <td align="center"
                style="font-weight: bold; background-color: #eaf0f7; padding: 3px 3px 3px 0;">
               <div style="width: 50px;">50%</div>
            </td>
         </tr>
      </table>
      <div style="width: 200px;">
         <label for="groupMethodsCheckBox" style="font-weight: bold; margin: 0;">
            <input id="groupMethodsCheckBox" type="checkbox" onclick="switchTestMethodsView(this)"></input>
            Group by class
            
         </label>
         <br></br>
         <label for="methodsFilter_ALL" style="font-weight: bold; margin: 0;">
            <input id="methodsFilter_ALL" type="checkbox"
                   onclick="testMethodsFilterChanged(this, 'ALL')"></input>
            All
            
         </label>
      </div>
      <label for="methodsFilter_FAIL" style="margin-left: 20px;">
         <input id="methodsFilter_FAIL" type="checkbox"
                onclick="testMethodsFilterChanged(this, 'FAIL')"
                checked=""></input>
         Failed
         
      </label>
      <label for="methodsFilter_PASS">
         <input id="methodsFilter_PASS" type="checkbox"
                onclick="testMethodsFilterChanged(this, 'PASS')"
                checked=""></input>
         Passed
         
      </label>
      <label for="methodsFilter_SKIP">
         <input id="methodsFilter_SKIP" type="checkbox"
                onclick="testMethodsFilterChanged(this, 'SKIP')"
                checked=""></input>
         Skipped
         
      </label>
      <label for="methodsFilter_CONF">
         <input id="methodsFilter_CONF" type="checkbox"
                onclick="testMethodsFilterChanged(this, 'CONF')"></input>
         Config
         
      </label>
      <br></br>
      <div id="testMethodsByStatus">
         <table class="testMethodsTable" cellpadding="0" cellspacing="0">
            <tr class="methodsTableHeader">
               <td width="100%">Name</td>
               <td nowrap="true">Started</td>
               <td nowrap="true">Duration</td>
               <td>Exception</td>
            </tr>
            <tr id="com.selenium.testCase.Login_testLogin_byStatus_failed_FAIL1_row"
                class="testMethodStatusFAIL">
               <td width="100%" class="firstMethodCell">
                  <a onclick="toggleDetailsVisibility('com.selenium.testCase.Login_testLogin_byStatus_failed_FAIL1_details')">testLogin()</a>
               </td>
               <td nowrap="true">10:38:15</td>
               <td nowrap="true" align="right">536 ms
                  
               </td>
               <td nowrap="true">
                  <a onclick="toggleDetailsVisibility('com.selenium.testCase.Login_testLogin_byStatus_failed_FAIL1_exception')">org.openqa.selenium.NoSuchElementException: 
                     no such element: Unable to locate element: {"method":"class name","selector":"btn-red1"}  (Session info: chrome=64.0.3282.186)
                     (Driver info: chromedriver=2.33.506120 (e3e53437346286c0bc2d2dc9aa4915ba81d9023f),platform=Windows NT 6.1.7601 SP1 x86_64)
                     (WARNING: The server did not provide any stacktrace information)Command duration or timeout: 58 millisecondsFor documentation
                     on this error, please visit: http://seleniumhq.org/exceptions/no_such_element.htmlBuild info: version: '2.46.0', revision:
                     '61506a4624b13675f24581e453592342b7485d71', time: '2015-06-04 10:22:50'System info: host: 'zhu-PC', ip: '192.168.1.101', os.name:
                     'Windows 7', os.arch: 'amd64', os.version: '6.1', java.version: '1.8.0_65'Driver info: org.openqa.selenium.chrome.ChromeDriverCapabilities
                     [{applicationCacheEnabled=false, rotatable=false, mobileEmulationEnabled=false, networkConnectionEnabled=false, chrome={chromedriverVersion=2.33.506120
                     (e3e53437346286c0bc2d2dc9aa4915ba81d9023f), userDataDir=C:\Users\zhu\AppData\Local\Temp\scoped_dir5412_20259}, takesHeapSnapshot=true,
                     pageLoadStrategy=normal, databaseEnabled=false, handlesAlerts=true, hasTouchScreen=false, version=64.0.3282.186, platform=XP,
                     browserConnectionEnabled=false, nativeEvents=true, acceptSslCerts=true, locationContextEnabled=true, webStorageEnabled=true,
                     browserName=chrome, takesScreenshot=true, javascriptEnabled=true, cssSelectorsEnabled=true, setWindowRect=true, unexpectedAlertBehaviour=}]Session
                     ID: 9c8c50ae10c95a111c912cb05af89fb5*** Element info: {Using=class name, value=btn-red1}
                     
                  </a>
                   
                  
               </td>
            </tr>
            <tr>
               <td colspan="4"
                   style="padding: 0; background-color: white; border-style: none; height: 0px;">
                  <div id="com.selenium.testCase.Login_testLogin_byStatus_failed_FAIL1_details"
                       class="testMethodDetails">
                     <div>
                        <b>Name:
                           
                        </b>testLogin
                     </div>
                     <div>
                        <b>Signature:
                           
                        </b>testLogin()[pri:0, instance:com.selenium.testCase.Login@1cf6d1be]
                     </div>
                     <div>
                        <b>Start time:
                           
                        </b>10:38:15
                     </div>
                     <div>
                        <b>End time:
                           
                        </b>10:38:16
                     </div>
                     <div>
                        <b>Duration:
                           
                        </b>536 ms
                        
                     </div>
                     <div>
                        <b>Depends on methods:
                           
                        </b>
                        <div>
                               -
                           com.selenium.testCase.Login.getLoginHome
                        </div>
                     </div>
                  </div>
               </td>
            </tr>
            <tr>
               <td colspan="4"
                   style="padding: 0; background-color: white; border-style: none; height: 0px;">
                  <div id="com.selenium.testCase.Login_testLogin_byStatus_failed_FAIL1_exception"
                       class="testMethodDetails">
                     <pre style="padding: 5px; margin: 0;">org.openqa.selenium.NoSuchElementException: no such element: Unable to locate element: {"method":"class name","selector":"btn-red1"}
                        (Session info: chrome=64.0.3282.186)  (Driver info: chromedriver=2.33.506120 (e3e53437346286c0bc2d2dc9aa4915ba81d9023f),platform=Windows
                        NT 6.1.7601 SP1 x86_64) (WARNING: The server did not provide any stacktrace information)Command duration or timeout: 58 millisecondsFor
                        documentation on this error, please visit: http://seleniumhq.org/exceptions/no_such_element.htmlBuild info: version: '2.46.0',
                        revision: '61506a4624b13675f24581e453592342b7485d71', time: '2015-06-04 10:22:50'System info: host: 'zhu-PC', ip: '192.168.1.101',
                        os.name: 'Windows 7', os.arch: 'amd64', os.version: '6.1', java.version: '1.8.0_65'Driver info: org.openqa.selenium.chrome.ChromeDriverCapabilities
                        [{applicationCacheEnabled=false, rotatable=false, mobileEmulationEnabled=false, networkConnectionEnabled=false, chrome={chromedriverVersion=2.33.506120
                        (e3e53437346286c0bc2d2dc9aa4915ba81d9023f), userDataDir=C:\Users\zhu\AppData\Local\Temp\scoped_dir5412_20259}, takesHeapSnapshot=true,
                        pageLoadStrategy=normal, databaseEnabled=false, handlesAlerts=true, hasTouchScreen=false, version=64.0.3282.186, platform=XP,
                        browserConnectionEnabled=false, nativeEvents=true, acceptSslCerts=true, locationContextEnabled=true, webStorageEnabled=true,
                        browserName=chrome, takesScreenshot=true, javascriptEnabled=true, cssSelectorsEnabled=true, setWindowRect=true, unexpectedAlertBehaviour=}]Session
                        ID: 9c8c50ae10c95a111c912cb05af89fb5*** Element info: {Using=class name, value=btn-red1}at sun.reflect.NativeConstructorAccessorImpl.newInstance0(Native
                        Method)at sun.reflect.NativeConstructorAccessorImpl.newInstance(NativeConstructorAccessorImpl.java:62)at sun.reflect.DelegatingConstructorAccessorImpl.newInstance(DelegatingConstructorAccessorImpl.java:45)at
                        java.lang.reflect.Constructor.newInstance(Constructor.java:422)at org.openqa.selenium.remote.ErrorHandler.createThrowable(ErrorHandler.java:204)at
                        org.openqa.selenium.remote.ErrorHandler.throwIfResponseFailed(ErrorHandler.java:156)at org.openqa.selenium.remote.RemoteWebDriver.execute(RemoteWebDriver.java:605)at
                        org.openqa.selenium.remote.RemoteWebDriver.findElement(RemoteWebDriver.java:358)at org.openqa.selenium.remote.RemoteWebDriver.findElementByClassName(RemoteWebDriver.java:439)at
                        org.openqa.selenium.By$ByClassName.findElement(By.java:388)at org.openqa.selenium.remote.RemoteWebDriver.findElement(RemoteWebDriver.java:350)at
                        com.selenium.base.DriverBase.findElement(DriverBase.java:27)at com.selenium.page.BasePage.element(BasePage.java:28)at com.selenium.page.LoginPage.getLoginButtonElement(LoginPage.java:38)at
                        com.selenium.handle.LoginPageHanle.clickLoginButton(LoginPageHanle.java:40)at com.selenium.business.LoginPro.login(LoginPro.java:22)at
                        com.selenium.testCase.Login.testLogin(Login.java:34)at sun.reflect.NativeMethodAccessorImpl.invoke0(Native Method)at sun.reflect.NativeMethodAccessorImpl.invoke(NativeMethodAccessorImpl.java:62)at
                        sun.reflect.DelegatingMethodAccessorImpl.invoke(DelegatingMethodAccessorImpl.java:43)at java.lang.reflect.Method.invoke(Method.java:497)at
                        org.testng.internal.MethodInvocationHelper.invokeMethod(MethodInvocationHelper.java:124)at org.testng.internal.Invoker.invokeMethod(Invoker.java:571)at
                        org.testng.internal.Invoker.invokeTestMethod(Invoker.java:707)at org.testng.internal.Invoker.invokeTestMethods(Invoker.java:979)at
                        org.testng.internal.TestMethodWorker.invokeTestMethods(TestMethodWorker.java:125)at org.testng.internal.TestMethodWorker.run(TestMethodWorker.java:109)at
                        org.testng.TestRunner.privateRun(TestRunner.java:648)at org.testng.TestRunner.run(TestRunner.java:505)at org.testng.SuiteRunner.runTest(SuiteRunner.java:455)at
                        org.testng.SuiteRunner.runSequentially(SuiteRunner.java:450)at org.testng.SuiteRunner.privateRun(SuiteRunner.java:415)at org.testng.SuiteRunner.run(SuiteRunner.java:364)at
                        org.testng.SuiteRunnerWorker.runSuite(SuiteRunnerWorker.java:52)at org.testng.SuiteRunnerWorker.run(SuiteRunnerWorker.java:84)at
                        org.testng.TestNG.runSuitesSequentially(TestNG.java:1187)at org.testng.TestNG.runSuitesLocally(TestNG.java:1116)at org.testng.TestNG.runSuites(TestNG.java:1028)at
                        org.testng.TestNG.run(TestNG.java:996)at org.testng.remote.AbstractRemoteTestNG.run(AbstractRemoteTestNG.java:114)at org.testng.remote.RemoteTestNG.initAndRun(RemoteTestNG.java:251)at
                        org.testng.remote.RemoteTestNG.main(RemoteTestNG.java:77)
                     </pre>
                  </div>
               </td>
            </tr>
            <tr id="com.selenium.testCase.Login_getLoginHome_byStatus_passed_PASS1_row"
                class="testMethodStatusPASS">
               <td width="100%" class="firstMethodCell">
                  <a onclick="toggleDetailsVisibility('com.selenium.testCase.Login_getLoginHome_byStatus_passed_PASS1_details')">getLoginHome()</a>
               </td>
               <td nowrap="true">10:36:14</td>
               <td nowrap="true" align="right">2m
                  1s
                  
               </td>
               <td nowrap="true">
                   
                  
               </td>
            </tr>
            <tr>
               <td colspan="4"
                   style="padding: 0; background-color: white; border-style: none; height: 0px;">
                  <div id="com.selenium.testCase.Login_getLoginHome_byStatus_passed_PASS1_details"
                       class="testMethodDetails">
                     <div>
                        <b>Name:
                           
                        </b>getLoginHome
                     </div>
                     <div>
                        <b>Signature:
                           
                        </b>getLoginHome()[pri:0, instance:com.selenium.testCase.Login@1cf6d1be]
                     </div>
                     <div>
                        <b>Start time:
                           
                        </b>10:36:14
                     </div>
                     <div>
                        <b>End time:
                           
                        </b>10:38:15
                     </div>
                     <div>
                        <b>Duration:
                           
                        </b>2m
                        1s
                        
                     </div>
                  </div>
               </td>
            </tr>
            <tr></tr>
         </table>
      </div>
      <div id="testMethodsByClass" style="display: none;">
         <table class="testMethodsTable" cellpadding="0" cellspacing="0">
            <tr>
               <td colspan="4">
                  <h3 style="display: inline;">com.selenium.testCase.Login</h3>
               </td>
            </tr>
            <tr class="methodsTableHeader">
               <td width="100%">Name</td>
               <td nowrap="true">Started</td>
               <td nowrap="true">Duration</td>
               <td>Exception</td>
            </tr>
            <tr id="com.selenium.testCase.Login_getLoginHome_byClass_PASS1_row"
                class="testMethodStatusPASS">
               <td width="100%" class="firstMethodCell">
                  <a onclick="toggleDetailsVisibility('com.selenium.testCase.Login_getLoginHome_byClass_PASS1_details')">getLoginHome()</a>
               </td>
               <td nowrap="true">10:36:14</td>
               <td nowrap="true" align="right">2m
                  1s
                  
               </td>
               <td nowrap="true">
                   
                  
               </td>
            </tr>
            <tr>
               <td colspan="4"
                   style="padding: 0; background-color: white; border-style: none; height: 0px;">
                  <div id="com.selenium.testCase.Login_getLoginHome_byClass_PASS1_details"
                       class="testMethodDetails">
                     <div>
                        <b>Name:
                           
                        </b>getLoginHome
                     </div>
                     <div>
                        <b>Signature:
                           
                        </b>getLoginHome()[pri:0, instance:com.selenium.testCase.Login@1cf6d1be]
                     </div>
                     <div>
                        <b>Start time:
                           
                        </b>10:36:14
                     </div>
                     <div>
                        <b>End time:
                           
                        </b>10:38:15
                     </div>
                     <div>
                        <b>Duration:
                           
                        </b>2m
                        1s
                        
                     </div>
                  </div>
               </td>
            </tr>
            <tr></tr>
            <tr id="com.selenium.testCase.Login_testLogin_byClass_FAIL2_row"
                class="testMethodStatusFAIL">
               <td width="100%" class="firstMethodCell">
                  <a onclick="toggleDetailsVisibility('com.selenium.testCase.Login_testLogin_byClass_FAIL2_details')">testLogin()</a>
               </td>
               <td nowrap="true">10:38:15</td>
               <td nowrap="true" align="right">536 ms
                  
               </td>
               <td nowrap="true">
                  <a onclick="toggleDetailsVisibility('com.selenium.testCase.Login_testLogin_byClass_FAIL2_exception')">org.openqa.selenium.NoSuchElementException: 
                     no such element: Unable to locate element: {"method":"class name","selector":"btn-red1"}  (Session info: chrome=64.0.3282.186)
                     (Driver info: chromedriver=2.33.506120 (e3e53437346286c0bc2d2dc9aa4915ba81d9023f),platform=Windows NT 6.1.7601 SP1 x86_64)
                     (WARNING: The server did not provide any stacktrace information)Command duration or timeout: 58 millisecondsFor documentation
                     on this error, please visit: http://seleniumhq.org/exceptions/no_such_element.htmlBuild info: version: '2.46.0', revision:
                     '61506a4624b13675f24581e453592342b7485d71', time: '2015-06-04 10:22:50'System info: host: 'zhu-PC', ip: '192.168.1.101', os.name:
                     'Windows 7', os.arch: 'amd64', os.version: '6.1', java.version: '1.8.0_65'Driver info: org.openqa.selenium.chrome.ChromeDriverCapabilities
                     [{applicationCacheEnabled=false, rotatable=false, mobileEmulationEnabled=false, networkConnectionEnabled=false, chrome={chromedriverVersion=2.33.506120
                     (e3e53437346286c0bc2d2dc9aa4915ba81d9023f), userDataDir=C:\Users\zhu\AppData\Local\Temp\scoped_dir5412_20259}, takesHeapSnapshot=true,
                     pageLoadStrategy=normal, databaseEnabled=false, handlesAlerts=true, hasTouchScreen=false, version=64.0.3282.186, platform=XP,
                     browserConnectionEnabled=false, nativeEvents=true, acceptSslCerts=true, locationContextEnabled=true, webStorageEnabled=true,
                     browserName=chrome, takesScreenshot=true, javascriptEnabled=true, cssSelectorsEnabled=true, setWindowRect=true, unexpectedAlertBehaviour=}]Session
                     ID: 9c8c50ae10c95a111c912cb05af89fb5*** Element info: {Using=class name, value=btn-red1}
                     
                  </a>
                   
                  
               </td>
            </tr>
            <tr>
               <td colspan="4"
                   style="padding: 0; background-color: white; border-style: none; height: 0px;">
                  <div id="com.selenium.testCase.Login_testLogin_byClass_FAIL2_details"
                       class="testMethodDetails">
                     <div>
                        <b>Name:
                           
                        </b>testLogin
                     </div>
                     <div>
                        <b>Signature:
                           
                        </b>testLogin()[pri:0, instance:com.selenium.testCase.Login@1cf6d1be]
                     </div>
                     <div>
                        <b>Start time:
                           
                        </b>10:38:15
                     </div>
                     <div>
                        <b>End time:
                           
                        </b>10:38:16
                     </div>
                     <div>
                        <b>Duration:
                           
                        </b>536 ms
                        
                     </div>
                     <div>
                        <b>Depends on methods:
                           
                        </b>
                        <div>
                               -
                           com.selenium.testCase.Login.getLoginHome
                        </div>
                     </div>
                  </div>
               </td>
            </tr>
            <tr>
               <td colspan="4"
                   style="padding: 0; background-color: white; border-style: none; height: 0px;">
                  <div id="com.selenium.testCase.Login_testLogin_byClass_FAIL2_exception"
                       class="testMethodDetails">
                     <pre style="padding: 5px; margin: 0;">org.openqa.selenium.NoSuchElementException: no such element: Unable to locate element: {"method":"class name","selector":"btn-red1"}
                        (Session info: chrome=64.0.3282.186)  (Driver info: chromedriver=2.33.506120 (e3e53437346286c0bc2d2dc9aa4915ba81d9023f),platform=Windows
                        NT 6.1.7601 SP1 x86_64) (WARNING: The server did not provide any stacktrace information)Command duration or timeout: 58 millisecondsFor
                        documentation on this error, please visit: http://seleniumhq.org/exceptions/no_such_element.htmlBuild info: version: '2.46.0',
                        revision: '61506a4624b13675f24581e453592342b7485d71', time: '2015-06-04 10:22:50'System info: host: 'zhu-PC', ip: '192.168.1.101',
                        os.name: 'Windows 7', os.arch: 'amd64', os.version: '6.1', java.version: '1.8.0_65'Driver info: org.openqa.selenium.chrome.ChromeDriverCapabilities
                        [{applicationCacheEnabled=false, rotatable=false, mobileEmulationEnabled=false, networkConnectionEnabled=false, chrome={chromedriverVersion=2.33.506120
                        (e3e53437346286c0bc2d2dc9aa4915ba81d9023f), userDataDir=C:\Users\zhu\AppData\Local\Temp\scoped_dir5412_20259}, takesHeapSnapshot=true,
                        pageLoadStrategy=normal, databaseEnabled=false, handlesAlerts=true, hasTouchScreen=false, version=64.0.3282.186, platform=XP,
                        browserConnectionEnabled=false, nativeEvents=true, acceptSslCerts=true, locationContextEnabled=true, webStorageEnabled=true,
                        browserName=chrome, takesScreenshot=true, javascriptEnabled=true, cssSelectorsEnabled=true, setWindowRect=true, unexpectedAlertBehaviour=}]Session
                        ID: 9c8c50ae10c95a111c912cb05af89fb5*** Element info: {Using=class name, value=btn-red1}at sun.reflect.NativeConstructorAccessorImpl.newInstance0(Native
                        Method)at sun.reflect.NativeConstructorAccessorImpl.newInstance(NativeConstructorAccessorImpl.java:62)at sun.reflect.DelegatingConstructorAccessorImpl.newInstance(DelegatingConstructorAccessorImpl.java:45)at
                        java.lang.reflect.Constructor.newInstance(Constructor.java:422)at org.openqa.selenium.remote.ErrorHandler.createThrowable(ErrorHandler.java:204)at
                        org.openqa.selenium.remote.ErrorHandler.throwIfResponseFailed(ErrorHandler.java:156)at org.openqa.selenium.remote.RemoteWebDriver.execute(RemoteWebDriver.java:605)at
                        org.openqa.selenium.remote.RemoteWebDriver.findElement(RemoteWebDriver.java:358)at org.openqa.selenium.remote.RemoteWebDriver.findElementByClassName(RemoteWebDriver.java:439)at
                        org.openqa.selenium.By$ByClassName.findElement(By.java:388)at org.openqa.selenium.remote.RemoteWebDriver.findElement(RemoteWebDriver.java:350)at
                        com.selenium.base.DriverBase.findElement(DriverBase.java:27)at com.selenium.page.BasePage.element(BasePage.java:28)at com.selenium.page.LoginPage.getLoginButtonElement(LoginPage.java:38)at
                        com.selenium.handle.LoginPageHanle.clickLoginButton(LoginPageHanle.java:40)at com.selenium.business.LoginPro.login(LoginPro.java:22)at
                        com.selenium.testCase.Login.testLogin(Login.java:34)at sun.reflect.NativeMethodAccessorImpl.invoke0(Native Method)at sun.reflect.NativeMethodAccessorImpl.invoke(NativeMethodAccessorImpl.java:62)at
                        sun.reflect.DelegatingMethodAccessorImpl.invoke(DelegatingMethodAccessorImpl.java:43)at java.lang.reflect.Method.invoke(Method.java:497)at
                        org.testng.internal.MethodInvocationHelper.invokeMethod(MethodInvocationHelper.java:124)at org.testng.internal.Invoker.invokeMethod(Invoker.java:571)at
                        org.testng.internal.Invoker.invokeTestMethod(Invoker.java:707)at org.testng.internal.Invoker.invokeTestMethods(Invoker.java:979)at
                        org.testng.internal.TestMethodWorker.invokeTestMethods(TestMethodWorker.java:125)at org.testng.internal.TestMethodWorker.run(TestMethodWorker.java:109)at
                        org.testng.TestRunner.privateRun(TestRunner.java:648)at org.testng.TestRunner.run(TestRunner.java:505)at org.testng.SuiteRunner.runTest(SuiteRunner.java:455)at
                        org.testng.SuiteRunner.runSequentially(SuiteRunner.java:450)at org.testng.SuiteRunner.privateRun(SuiteRunner.java:415)at org.testng.SuiteRunner.run(SuiteRunner.java:364)at
                        org.testng.SuiteRunnerWorker.runSuite(SuiteRunnerWorker.java:52)at org.testng.SuiteRunnerWorker.run(SuiteRunnerWorker.java:84)at
                        org.testng.TestNG.runSuitesSequentially(TestNG.java:1187)at org.testng.TestNG.runSuitesLocally(TestNG.java:1116)at org.testng.TestNG.runSuites(TestNG.java:1028)at
                        org.testng.TestNG.run(TestNG.java:996)at org.testng.remote.AbstractRemoteTestNG.run(AbstractRemoteTestNG.java:114)at org.testng.remote.RemoteTestNG.initAndRun(RemoteTestNG.java:251)at
                        org.testng.remote.RemoteTestNG.main(RemoteTestNG.java:77)
                     </pre>
                  </div>
               </td>
            </tr>
         </table>
         <br></br>
      </div>
      <div style="margin-top: 15px; color: gray; text-align: center; font-size: 9px;">
         Generated with
         
         <a href="http://code.google.com/p/testng-xslt/" style="color: #8888aa;"
            target="_blank">
            TestNG XSLT
            
         </a>
      </div>
   </body>
</html>